Using pre-set license
Built from '2020.3/staging' branch; Version is '2020.3.13f1 (71691879b7f5) revision 7432472'; Using compiler version '192528614'; Build Type 'Release'
OS: 'Windows 10 Home; OS build 19043.1348; Version 2009; 64bit' Language: 'en' Physical Memory: 16177 MB
BatchMode: 1, IsHumanControllingUs: 0, StartBugReporterOnCrash: 0, Is64bit: 1, IsPro: 0

 COMMAND LINE ARGUMENTS:
C:\Users\danie\OneDrive\Desktop\2020.3.13f1\Editor\Unity.exe
-adb2
-batchMode
-noUpm
-name
AssetImportWorker0
-projectPath
C:/Users/danie/OneDrive/Desktop/AirStrikers/MultiplayerPrototype
-logFile
Logs/AssetImportWorker0.log
-srvPort
52562
Successfully changed project path to: C:/Users/danie/OneDrive/Desktop/AirStrikers/MultiplayerPrototype
C:/Users/danie/OneDrive/Desktop/AirStrikers/MultiplayerPrototype
Using Asset Import Pipeline V2.
Refreshing native plugins compatible for Editor in 49.55 ms, found 2 plugins.
Preloading 0 native plugins for Editor in 0.00 ms.
Initialize engine version: 2020.3.13f1 (71691879b7f5)
[Subsystems] Discovering subsystems at path C:/Users/danie/OneDrive/Desktop/2020.3.13f1/Editor/Data/Resources/UnitySubsystems
[Subsystems] Discovering subsystems at path C:/Users/danie/OneDrive/Desktop/AirStrikers/MultiplayerPrototype/Assets
GfxDevice: creating device client; threaded=0
Direct3D:
    Version:  Direct3D 11.0 [level 11.1]
    Renderer: NVIDIA GeForce GTX 1650 Ti (ID=0x1f95)
    Vendor:   
    VRAM:     3962 MB
    Driver:   30.0.14.7141
Initialize mono
Mono path[0] = 'C:/Users/danie/OneDrive/Desktop/2020.3.13f1/Editor/Data/Managed'
Mono path[1] = 'C:/Users/danie/OneDrive/Desktop/2020.3.13f1/Editor/Data/MonoBleedingEdge/lib/mono/unityjit'
Mono config path = 'C:/Users/danie/OneDrive/Desktop/2020.3.13f1/Editor/Data/MonoBleedingEdge/etc'
Using monoOptions --debugger-agent=transport=dt_socket,embedding=1,server=y,suspend=n,address=127.0.0.1:56848
Begin MonoManager ReloadAssembly
Registering precompiled unity dll's ...
Register platform support module: C:/Users/danie/OneDrive/Desktop/2020.3.13f1/Editor/Data/PlaybackEngines/WebGLSupport/UnityEditor.WebGL.Extensions.dll
Register platform support module: C:/Users/danie/OneDrive/Desktop/2020.3.13f1/Editor/Data/PlaybackEngines/MacStandaloneSupport/UnityEditor.OSXStandalone.Extensions.dll
Register platform support module: C:/Users/danie/OneDrive/Desktop/2020.3.13f1/Editor/Data/PlaybackEngines/WindowsStandaloneSupport/UnityEditor.WindowsStandalone.Extensions.dll
Registered in 0.006236 seconds.
Native extension for WindowsStandalone target not found
Native extension for OSXStandalone target not found
Native extension for WebGL target not found
Refreshing native plugins compatible for Editor in 48.76 ms, found 2 plugins.
Preloading 0 native plugins for Editor in 0.00 ms.
Mono: successfully reloaded assembly
- Completed reload, in  2.144 seconds
Platform modules already initialized, skipping
Registering precompiled user dll's ...
Registered in 0.025111 seconds.
Begin MonoManager ReloadAssembly
Native extension for WindowsStandalone target not found
Native extension for OSXStandalone target not found
Native extension for WebGL target not found
Refreshing native plugins compatible for Editor in 0.57 ms, found 2 plugins.
Preloading 0 native plugins for Editor in 0.00 ms.
Mono: successfully reloaded assembly
- Completed reload, in  1.577 seconds
Platform modules already initialized, skipping
========================================================================
Worker process is ready to serve import requests
Launched and connected shader compiler UnityShaderCompiler.exe after 0.07 seconds
Refreshing native plugins compatible for Editor in 0.49 ms, found 2 plugins.
Preloading 0 native plugins for Editor in 0.00 ms.
Unloading 1631 Unused Serialized files (Serialized files now loaded: 0)
System memory in use before: 75.5 MB.
System memory in use after: 75.5 MB.

Unloading 25 unused Assets to reduce memory usage. Loaded Objects now: 2062.
Total: 3.059300 ms (FindLiveObjects: 0.205100 ms CreateObjectMapping: 0.072800 ms MarkObjects: 2.672200 ms  DeleteObjects: 0.107400 ms)

AssetImportParameters requested are different than current active one (requested -> active):
  custom:framework-win-MediaFoundation: 216162199b28c13a410421893ffa2e32 -> 
  custom:video-decoder-ogg-theora: a1e56fd34408186e4bbccfd4996cb3dc -> 
  custom:container-muxer-webm: aa71ff27fc2769a1b78a27578f13a17b -> 
  custom:container-demuxer-webm: 4f35f7cbe854078d1ac9338744f61a02 -> 
  custom:container-demuxer-ogg: 62fdf1f143b41e24485cea50d1cbac27 -> 
  custom:video-encoder-webm-vp8: eb34c28f22e8b96e1ab97ce403110664 -> 
  custom:video-codec-MediaFoundation-h265: 746d11721c4dcdbdad8f713fa42b33f4 -> 
  custom:video-decoder-webm-vp8: 9c59270c3fd7afecdb556c50c9e8de78 -> 
  custom:audio-decoder-ogg-vorbis: bf7c407c2cedff20999df2af8eb42d56 -> 
  custom:audio-encoder-webm-vorbis: bf7c407c2cedff20999df2af8eb42d56 -> 
========================================================================
Received Import Request.
  path: Assets/Audio/Sound Effects/lesser_vibes_HTIS_Beeps_Simple_03_003.mp3
  artifactKey: Guid(f0e54db8f0a3eea468c0dd4d30d08288) Importer(815301076,1909f56bfc062723c751e8b465ee728b)
Start importing Assets/Audio/Sound Effects/lesser_vibes_HTIS_Beeps_Simple_03_003.mp3 using Guid(f0e54db8f0a3eea468c0dd4d30d08288) Importer(815301076,1909f56bfc062723c751e8b465ee728b)  -> (artifact id: '04272e070fd1f3ee36a9112e0cdbd80e') in 0.154970 seconds 
  Import took 0.158351 seconds .

========================================================================
Received Import Request.
  Time since last request: 0.000561 seconds.
  path: Assets/Audio/Sound Effects/lesser_vibes_HTIS_Beeps_Retro_01_018.mp3
  artifactKey: Guid(db484c258e5396a45bd8f77f651fd5ab) Importer(815301076,1909f56bfc062723c751e8b465ee728b)
Start importing Assets/Audio/Sound Effects/lesser_vibes_HTIS_Beeps_Retro_01_018.mp3 using Guid(db484c258e5396a45bd8f77f651fd5ab) Importer(815301076,1909f56bfc062723c751e8b465ee728b)  -> (artifact id: 'bcaf584e5d96222c17bdd7c2de277151') in 0.015887 seconds 
  Import took 0.019124 seconds .

========================================================================
Received Import Request.
  Time since last request: 844.065714 seconds.
  path: Assets/Audio/Sound Effects/Retro Hover Beep.mp3
  artifactKey: Guid(db484c258e5396a45bd8f77f651fd5ab) Importer(815301076,1909f56bfc062723c751e8b465ee728b)
Start importing Assets/Audio/Sound Effects/Retro Hover Beep.mp3 using Guid(db484c258e5396a45bd8f77f651fd5ab) Importer(815301076,1909f56bfc062723c751e8b465ee728b)  -> (artifact id: '0c477d0d48157c9f1c50aca1a3beee68') in 0.038142 seconds 
  Import took 0.041562 seconds .

========================================================================
Received Import Request.
  Time since last request: 207.159413 seconds.
  path: Assets/Audio/Sound Effects/lesser_vibes_HTIS_Beeps_Simple_02_002.mp3
  artifactKey: Guid(4c81ca0ccd1edf348b15050f02991b7f) Importer(815301076,1909f56bfc062723c751e8b465ee728b)
Start importing Assets/Audio/Sound Effects/lesser_vibes_HTIS_Beeps_Simple_02_002.mp3 using Guid(4c81ca0ccd1edf348b15050f02991b7f) Importer(815301076,1909f56bfc062723c751e8b465ee728b)  -> (artifact id: 'a63bfde5d1fdb8928f7922ddfeaa6305') in 0.016947 seconds 
  Import took 0.020584 seconds .

========================================================================
Received Import Request.
  Time since last request: 20.406181 seconds.
  path: Assets/Audio/Sound Effects/Retro Click Beep.mp3
  artifactKey: Guid(4c81ca0ccd1edf348b15050f02991b7f) Importer(815301076,1909f56bfc062723c751e8b465ee728b)
Start importing Assets/Audio/Sound Effects/Retro Click Beep.mp3 using Guid(4c81ca0ccd1edf348b15050f02991b7f) Importer(815301076,1909f56bfc062723c751e8b465ee728b)  -> (artifact id: '2eccc51cafe8dda4708abc3dace4d30a') in 0.011182 seconds 
  Import took 0.013873 seconds .

========================================================================
Received Import Request.
  Time since last request: 0.003008 seconds.
  path: Assets/Audio/Sound Effects/Retro Click Beep.mp3
  artifactKey: Guid(4c81ca0ccd1edf348b15050f02991b7f) Importer(815301076,1909f56bfc062723c751e8b465ee728b)
Start importing Assets/Audio/Sound Effects/Retro Click Beep.mp3 using Guid(4c81ca0ccd1edf348b15050f02991b7f) Importer(815301076,1909f56bfc062723c751e8b465ee728b)  -> (artifact id: '2eccc51cafe8dda4708abc3dace4d30a') in 0.016011 seconds 
  Import took 0.019242 seconds .

========================================================================
Received Prepare
Registering precompiled user dll's ...
Registered in 0.010153 seconds.
Begin MonoManager ReloadAssembly
Native extension for WindowsStandalone target not found
Native extension for OSXStandalone target not found
Native extension for WebGL target not found
Refreshing native plugins compatible for Editor in 0.38 ms, found 2 plugins.
Preloading 0 native plugins for Editor in 0.00 ms.
Mono: successfully reloaded assembly
- Completed reload, in  1.086 seconds
Platform modules already initialized, skipping
Refreshing native plugins compatible for Editor in 0.41 ms, found 2 plugins.
Preloading 0 native plugins for Editor in 0.00 ms.
Unloading 1612 Unused Serialized files (Serialized files now loaded: 0)
System memory in use before: 77.2 MB.
System memory in use after: 77.3 MB.

Unloading 19 unused Assets to reduce memory usage. Loaded Objects now: 2075.
Total: 1.989300 ms (FindLiveObjects: 0.194900 ms CreateObjectMapping: 0.085400 ms MarkObjects: 1.642500 ms  DeleteObjects: 0.065500 ms)

AssetImportParameters requested are different than current active one (requested -> active):
  custom:framework-win-MediaFoundation: 216162199b28c13a410421893ffa2e32 -> 
  custom:video-decoder-ogg-theora: a1e56fd34408186e4bbccfd4996cb3dc -> 
  custom:container-muxer-webm: aa71ff27fc2769a1b78a27578f13a17b -> 
  custom:container-demuxer-webm: 4f35f7cbe854078d1ac9338744f61a02 -> 
  custom:container-demuxer-ogg: 62fdf1f143b41e24485cea50d1cbac27 -> 
  custom:video-encoder-webm-vp8: eb34c28f22e8b96e1ab97ce403110664 -> 
  custom:video-codec-MediaFoundation-h265: 746d11721c4dcdbdad8f713fa42b33f4 -> 
  custom:video-decoder-webm-vp8: 9c59270c3fd7afecdb556c50c9e8de78 -> 
  custom:audio-decoder-ogg-vorbis: bf7c407c2cedff20999df2af8eb42d56 -> 
  custom:audio-encoder-webm-vorbis: bf7c407c2cedff20999df2af8eb42d56 -> 
AssetImportWorkerClient::OnTransportError - code=2 error=End of file
