Using pre-set license
Built from '2020.3/staging' branch; Version is '2020.3.13f1 (71691879b7f5) revision 7432472'; Using compiler version '192528614'; Build Type 'Release'
OS: 'Windows 10 Home; OS build 19043.1348; Version 2009; 64bit' Language: 'en' Physical Memory: 16177 MB
BatchMode: 1, IsHumanControllingUs: 0, StartBugReporterOnCrash: 0, Is64bit: 1, IsPro: 0

 COMMAND LINE ARGUMENTS:
C:\Users\danie\OneDrive\Desktop\2020.3.13f1\Editor\Unity.exe
-adb2
-batchMode
-noUpm
-name
AssetImportWorker0
-projectPath
C:/Users/danie/OneDrive/Desktop/AirStrikers/MultiplayerPrototype
-logFile
Logs/AssetImportWorker0.log
-srvPort
61763
Successfully changed project path to: C:/Users/danie/OneDrive/Desktop/AirStrikers/MultiplayerPrototype
C:/Users/danie/OneDrive/Desktop/AirStrikers/MultiplayerPrototype
Using Asset Import Pipeline V2.
Refreshing native plugins compatible for Editor in 45.62 ms, found 2 plugins.
Preloading 0 native plugins for Editor in 0.00 ms.
Initialize engine version: 2020.3.13f1 (71691879b7f5)
[Subsystems] Discovering subsystems at path C:/Users/danie/OneDrive/Desktop/2020.3.13f1/Editor/Data/Resources/UnitySubsystems
[Subsystems] Discovering subsystems at path C:/Users/danie/OneDrive/Desktop/AirStrikers/MultiplayerPrototype/Assets
GfxDevice: creating device client; threaded=0
Direct3D:
    Version:  Direct3D 11.0 [level 11.1]
    Renderer: NVIDIA GeForce GTX 1650 Ti (ID=0x1f95)
    Vendor:   
    VRAM:     3962 MB
    Driver:   30.0.14.7141
Initialize mono
Mono path[0] = 'C:/Users/danie/OneDrive/Desktop/2020.3.13f1/Editor/Data/Managed'
Mono path[1] = 'C:/Users/danie/OneDrive/Desktop/2020.3.13f1/Editor/Data/MonoBleedingEdge/lib/mono/unityjit'
Mono config path = 'C:/Users/danie/OneDrive/Desktop/2020.3.13f1/Editor/Data/MonoBleedingEdge/etc'
Using monoOptions --debugger-agent=transport=dt_socket,embedding=1,server=y,suspend=n,address=127.0.0.1:56424
Begin MonoManager ReloadAssembly
Registering precompiled unity dll's ...
Register platform support module: C:/Users/danie/OneDrive/Desktop/2020.3.13f1/Editor/Data/PlaybackEngines/WebGLSupport/UnityEditor.WebGL.Extensions.dll
Register platform support module: C:/Users/danie/OneDrive/Desktop/2020.3.13f1/Editor/Data/PlaybackEngines/MacStandaloneSupport/UnityEditor.OSXStandalone.Extensions.dll
Register platform support module: C:/Users/danie/OneDrive/Desktop/2020.3.13f1/Editor/Data/PlaybackEngines/WindowsStandaloneSupport/UnityEditor.WindowsStandalone.Extensions.dll
Registered in 0.004076 seconds.
Native extension for WindowsStandalone target not found
Native extension for OSXStandalone target not found
Native extension for WebGL target not found
Refreshing native plugins compatible for Editor in 34.14 ms, found 2 plugins.
Preloading 0 native plugins for Editor in 0.00 ms.
Mono: successfully reloaded assembly
- Completed reload, in  1.517 seconds
Platform modules already initialized, skipping
Registering precompiled user dll's ...
Registered in 0.008748 seconds.
Begin MonoManager ReloadAssembly
Native extension for WindowsStandalone target not found
Native extension for OSXStandalone target not found
Native extension for WebGL target not found
Refreshing native plugins compatible for Editor in 0.36 ms, found 2 plugins.
Preloading 0 native plugins for Editor in 0.00 ms.
Mono: successfully reloaded assembly
- Completed reload, in  1.030 seconds
Platform modules already initialized, skipping
========================================================================
Worker process is ready to serve import requests
Launched and connected shader compiler UnityShaderCompiler.exe after 0.04 seconds
Refreshing native plugins compatible for Editor in 0.36 ms, found 2 plugins.
Preloading 0 native plugins for Editor in 0.00 ms.
Unloading 1627 Unused Serialized files (Serialized files now loaded: 0)
System memory in use before: 75.1 MB.
System memory in use after: 75.1 MB.

Unloading 25 unused Assets to reduce memory usage. Loaded Objects now: 2056.
Total: 1.797400 ms (FindLiveObjects: 0.150100 ms CreateObjectMapping: 0.059500 ms MarkObjects: 1.515000 ms  DeleteObjects: 0.072000 ms)

AssetImportParameters requested are different than current active one (requested -> active):
  custom:framework-win-MediaFoundation: 216162199b28c13a410421893ffa2e32 -> 
  custom:video-decoder-ogg-theora: a1e56fd34408186e4bbccfd4996cb3dc -> 
  custom:container-muxer-webm: aa71ff27fc2769a1b78a27578f13a17b -> 
  custom:container-demuxer-webm: 4f35f7cbe854078d1ac9338744f61a02 -> 
  custom:container-demuxer-ogg: 62fdf1f143b41e24485cea50d1cbac27 -> 
  custom:video-encoder-webm-vp8: eb34c28f22e8b96e1ab97ce403110664 -> 
  custom:video-codec-MediaFoundation-h265: 746d11721c4dcdbdad8f713fa42b33f4 -> 
  custom:video-decoder-webm-vp8: 9c59270c3fd7afecdb556c50c9e8de78 -> 
  custom:audio-decoder-ogg-vorbis: bf7c407c2cedff20999df2af8eb42d56 -> 
  custom:audio-encoder-webm-vorbis: bf7c407c2cedff20999df2af8eb42d56 -> 
========================================================================
Received Import Request.
  path: Assets/Scenes/Daniela's Scenes/Scoring System.unity
  artifactKey: Guid(fd28745bc46f43640b1d728df083460f) Importer(815301076,1909f56bfc062723c751e8b465ee728b)
Start importing Assets/Scenes/Daniela's Scenes/Scoring System.unity using Guid(fd28745bc46f43640b1d728df083460f) Importer(815301076,1909f56bfc062723c751e8b465ee728b)  -> (artifact id: '5f4c22f8242b9a663f24effb54ac8309') in 0.015352 seconds 
  Import took 0.017740 seconds .

========================================================================
Received Import Request.
  Time since last request: 13.517102 seconds.
  path: Assets/BarcadeGamesAssetPack/Materials
  artifactKey: Guid(32a5ae35852b64864aba9d5745f6774e) Importer(815301076,1909f56bfc062723c751e8b465ee728b)
Start importing Assets/BarcadeGamesAssetPack/Materials using Guid(32a5ae35852b64864aba9d5745f6774e) Importer(815301076,1909f56bfc062723c751e8b465ee728b)  -> (artifact id: '9a036e446826b511fda4687ada2e0439') in 0.003760 seconds 
  Import took 0.006074 seconds .

========================================================================
Received Import Request.
  Time since last request: 0.103861 seconds.
  path: Assets/BarcadeGamesAssetPack/Materials/AirTable.mat
  artifactKey: Guid(1eec36e370a014d98a2491c60221963a) Importer(815301076,1909f56bfc062723c751e8b465ee728b)
Start importing Assets/BarcadeGamesAssetPack/Materials/AirTable.mat using Guid(1eec36e370a014d98a2491c60221963a) Importer(815301076,1909f56bfc062723c751e8b465ee728b)  -> (artifact id: '13702c7e0dccce0b967ef4e7009f5abd') in 0.100779 seconds 
  Import took 0.103753 seconds .

========================================================================
Received Import Request.
  Time since last request: 0.000289 seconds.
  path: Assets/BarcadeGamesAssetPack/Materials/Metal.mat
  artifactKey: Guid(6bf6df62df67c4320961ad0a711449eb) Importer(815301076,1909f56bfc062723c751e8b465ee728b)
Start importing Assets/BarcadeGamesAssetPack/Materials/Metal.mat using Guid(6bf6df62df67c4320961ad0a711449eb) Importer(815301076,1909f56bfc062723c751e8b465ee728b)  -> (artifact id: 'efc2dd22c6cfe93992c016444f1c0de9') in 0.011078 seconds 
  Import took 0.013816 seconds .

========================================================================
Received Import Request.
  Time since last request: 0.000301 seconds.
  path: Assets/BarcadeGamesAssetPack/Materials/Felt.mat
  artifactKey: Guid(77a65a699fb6b47c1a39d2334e433ddb) Importer(815301076,1909f56bfc062723c751e8b465ee728b)
Start importing Assets/BarcadeGamesAssetPack/Materials/Felt.mat using Guid(77a65a699fb6b47c1a39d2334e433ddb) Importer(815301076,1909f56bfc062723c751e8b465ee728b)  -> (artifact id: 'a8d4724dffca3bcc66fbca2aa7829f08') in 0.019404 seconds 
  Import took 0.022041 seconds .

========================================================================
Received Import Request.
  Time since last request: 0.000338 seconds.
  path: Assets/BarcadeGamesAssetPack/Materials/Chalk.mat
  artifactKey: Guid(1a1638414648744d7a7bac01c8184b20) Importer(815301076,1909f56bfc062723c751e8b465ee728b)
Start importing Assets/BarcadeGamesAssetPack/Materials/Chalk.mat using Guid(1a1638414648744d7a7bac01c8184b20) Importer(815301076,1909f56bfc062723c751e8b465ee728b)  -> (artifact id: '3b934705aec3cbfd5f3f4137f88bc5da') in 0.011722 seconds 
  Import took 0.015234 seconds .

========================================================================
Received Import Request.
  Time since last request: 0.000345 seconds.
  path: Assets/BarcadeGamesAssetPack/Materials/Black3.mat
  artifactKey: Guid(9d02273cacdd845289f2021e2936f73f) Importer(815301076,1909f56bfc062723c751e8b465ee728b)
Start importing Assets/BarcadeGamesAssetPack/Materials/Black3.mat using Guid(9d02273cacdd845289f2021e2936f73f) Importer(815301076,1909f56bfc062723c751e8b465ee728b)  -> (artifact id: '6e61539d9f1700c78ef9768d55e9f55b') in 0.013974 seconds 
  Import took 0.017437 seconds .

========================================================================
Received Import Request.
  Time since last request: 0.000323 seconds.
  path: Assets/BarcadeGamesAssetPack/Materials/Black4.mat
  artifactKey: Guid(c658f6619c94b428ab05a504475d5655) Importer(815301076,1909f56bfc062723c751e8b465ee728b)
Start importing Assets/BarcadeGamesAssetPack/Materials/Black4.mat using Guid(c658f6619c94b428ab05a504475d5655) Importer(815301076,1909f56bfc062723c751e8b465ee728b)  -> (artifact id: '9a962ce0eb695ab942b218c226b5cc4e') in 0.015762 seconds 
  Import took 0.018907 seconds .

========================================================================
Received Import Request.
  Time since last request: 0.000416 seconds.
  path: Assets/BarcadeGamesAssetPack/Materials/seamless-wood-texture-free-7.mat
  artifactKey: Guid(45bb00b66f5344dfaaf66154c6079ac3) Importer(815301076,1909f56bfc062723c751e8b465ee728b)
Start importing Assets/BarcadeGamesAssetPack/Materials/seamless-wood-texture-free-7.mat using Guid(45bb00b66f5344dfaaf66154c6079ac3) Importer(815301076,1909f56bfc062723c751e8b465ee728b)  -> (artifact id: 'c8e40c551b26d085091df37316615574') in 0.019250 seconds 
  Import took 0.022162 seconds .

========================================================================
Received Import Request.
  Time since last request: 0.000308 seconds.
  path: Assets/BarcadeGamesAssetPack/Materials/PingPongTable.mat
  artifactKey: Guid(c460e61fe8c634d1ab5f4def851e1d1c) Importer(815301076,1909f56bfc062723c751e8b465ee728b)
Start importing Assets/BarcadeGamesAssetPack/Materials/PingPongTable.mat using Guid(c460e61fe8c634d1ab5f4def851e1d1c) Importer(815301076,1909f56bfc062723c751e8b465ee728b)  -> (artifact id: '2ed24e6e94395f12b0b4fd9785e7e7cf') in 0.014070 seconds 
  Import took 0.017282 seconds .

========================================================================
Received Import Request.
  Time since last request: 0.000284 seconds.
  path: Assets/BarcadeGamesAssetPack/Materials/PingPongTable 2.mat
  artifactKey: Guid(c94a7a09c6ddb481c939de4208248a30) Importer(815301076,1909f56bfc062723c751e8b465ee728b)
Start importing Assets/BarcadeGamesAssetPack/Materials/PingPongTable 2.mat using Guid(c94a7a09c6ddb481c939de4208248a30) Importer(815301076,1909f56bfc062723c751e8b465ee728b)  -> (artifact id: '0d7ab9ce64a2a47c3f858003d23c391c') in 0.012298 seconds 
  Import took 0.014683 seconds .

========================================================================
Received Import Request.
  Time since last request: 0.000306 seconds.
  path: Assets/BarcadeGamesAssetPack/Materials/seamless-wood-texture-free-6.mat
  artifactKey: Guid(944cfd3e5f85a491b8464199ed77f1aa) Importer(815301076,1909f56bfc062723c751e8b465ee728b)
Start importing Assets/BarcadeGamesAssetPack/Materials/seamless-wood-texture-free-6.mat using Guid(944cfd3e5f85a491b8464199ed77f1aa) Importer(815301076,1909f56bfc062723c751e8b465ee728b)  -> (artifact id: '001428cc2beee410cefde24a3042b8b2') in 0.015322 seconds 
  Import took 0.018200 seconds .

========================================================================
Received Import Request.
  Time since last request: 0.000340 seconds.
  path: Assets/BarcadeGamesAssetPack/Materials/PingPongTable 1.mat
  artifactKey: Guid(9f258204891e84d5ea0c80a96dcbd4ef) Importer(815301076,1909f56bfc062723c751e8b465ee728b)
Start importing Assets/BarcadeGamesAssetPack/Materials/PingPongTable 1.mat using Guid(9f258204891e84d5ea0c80a96dcbd4ef) Importer(815301076,1909f56bfc062723c751e8b465ee728b)  -> (artifact id: 'caf0a1d21749f92c59533e52c99984e6') in 0.011911 seconds 
  Import took 0.014369 seconds .

========================================================================
Received Import Request.
  Time since last request: 0.000313 seconds.
  path: Assets/BarcadeGamesAssetPack/Materials/Black5.mat
  artifactKey: Guid(9fda612edf05043fda18033eda808c9d) Importer(815301076,1909f56bfc062723c751e8b465ee728b)
Start importing Assets/BarcadeGamesAssetPack/Materials/Black5.mat using Guid(9fda612edf05043fda18033eda808c9d) Importer(815301076,1909f56bfc062723c751e8b465ee728b)  -> (artifact id: '0c1b1c50a1a27cfeb25dba5d7aada51a') in 0.014257 seconds 
  Import took 0.017058 seconds .

========================================================================
Received Import Request.
  Time since last request: 0.000333 seconds.
  path: Assets/BarcadeGamesAssetPack/Materials/Black6.mat
  artifactKey: Guid(977af329ad6a9468a8ccef1ac6aeefc3) Importer(815301076,1909f56bfc062723c751e8b465ee728b)
Start importing Assets/BarcadeGamesAssetPack/Materials/Black6.mat using Guid(977af329ad6a9468a8ccef1ac6aeefc3) Importer(815301076,1909f56bfc062723c751e8b465ee728b)  -> (artifact id: 'b1df063067ab9647fcfa637dab68a6ae') in 0.013071 seconds 
  Import took 0.015512 seconds .

========================================================================
Received Import Request.
  Time since last request: 0.000318 seconds.
  path: Assets/BarcadeGamesAssetPack/Materials/Black2.mat
  artifactKey: Guid(efdef81d55a5b462a820e91d4ef297e7) Importer(815301076,1909f56bfc062723c751e8b465ee728b)
Start importing Assets/BarcadeGamesAssetPack/Materials/Black2.mat using Guid(efdef81d55a5b462a820e91d4ef297e7) Importer(815301076,1909f56bfc062723c751e8b465ee728b)  -> (artifact id: '2efad0c3347628acbcfa7e77c28c83c3') in 0.011747 seconds 
  Import took 0.014784 seconds .

========================================================================
Received Import Request.
  Time since last request: 0.000316 seconds.
  path: Assets/BarcadeGamesAssetPack/Materials/PingPongTable 3.mat
  artifactKey: Guid(586783f593ef7411394573874c601c5a) Importer(815301076,1909f56bfc062723c751e8b465ee728b)
Start importing Assets/BarcadeGamesAssetPack/Materials/PingPongTable 3.mat using Guid(586783f593ef7411394573874c601c5a) Importer(815301076,1909f56bfc062723c751e8b465ee728b)  -> (artifact id: 'ac4b09d7d6198cc3046aad6c118ec6cd') in 0.015908 seconds 
  Import took 0.018940 seconds .

========================================================================
Received Import Request.
  Time since last request: 0.000266 seconds.
  path: Assets/BarcadeGamesAssetPack/Materials/Black1.mat
  artifactKey: Guid(2965b00419eb04905ac57b44263c33f9) Importer(815301076,1909f56bfc062723c751e8b465ee728b)
Start importing Assets/BarcadeGamesAssetPack/Materials/Black1.mat using Guid(2965b00419eb04905ac57b44263c33f9) Importer(815301076,1909f56bfc062723c751e8b465ee728b)  -> (artifact id: 'd43e4b1eebd0b2044ceabcda21ac4f70') in 0.012871 seconds 
  Import took 0.015973 seconds .

========================================================================
Received Import Request.
  Time since last request: 0.000311 seconds.
  path: Assets/BarcadeGamesAssetPack/Materials/seamless-wood-texture-free-6.jpg
  artifactKey: Guid(bd09b747016d2439aaa654dd1ff1d3e3) Importer(815301076,1909f56bfc062723c751e8b465ee728b)
Start importing Assets/BarcadeGamesAssetPack/Materials/seamless-wood-texture-free-6.jpg using Guid(bd09b747016d2439aaa654dd1ff1d3e3) Importer(815301076,1909f56bfc062723c751e8b465ee728b)  -> (artifact id: 'aa114f324c0af76de507e757b10b1227') in 0.113701 seconds 
  Import took 0.116957 seconds .

========================================================================
Received Import Request.
  Time since last request: 0.000287 seconds.
  path: Assets/BarcadeGamesAssetPack/Materials/Felt.jpg
  artifactKey: Guid(1497e82f5cf2744d1940c0e973f24e89) Importer(815301076,1909f56bfc062723c751e8b465ee728b)
Start importing Assets/BarcadeGamesAssetPack/Materials/Felt.jpg using Guid(1497e82f5cf2744d1940c0e973f24e89) Importer(815301076,1909f56bfc062723c751e8b465ee728b)  -> (artifact id: '398796fb2586b50e2f8cdc91237ab196') in 0.009621 seconds 
  Import took 0.011870 seconds .

========================================================================
Received Prepare
Registering precompiled user dll's ...
Registered in 0.009545 seconds.
Begin MonoManager ReloadAssembly
Native extension for WindowsStandalone target not found
Native extension for OSXStandalone target not found
Native extension for WebGL target not found
Refreshing native plugins compatible for Editor in 0.57 ms, found 2 plugins.
Preloading 0 native plugins for Editor in 0.00 ms.
Mono: successfully reloaded assembly
- Completed reload, in  0.969 seconds
Platform modules already initialized, skipping
Refreshing native plugins compatible for Editor in 0.35 ms, found 2 plugins.
Preloading 0 native plugins for Editor in 0.00 ms.
Unloading 1608 Unused Serialized files (Serialized files now loaded: 0)
System memory in use before: 77.0 MB.
System memory in use after: 77.1 MB.

Unloading 19 unused Assets to reduce memory usage. Loaded Objects now: 2101.
Total: 2.137400 ms (FindLiveObjects: 0.165800 ms CreateObjectMapping: 0.056900 ms MarkObjects: 1.864800 ms  DeleteObjects: 0.048800 ms)

AssetImportParameters requested are different than current active one (requested -> active):
  custom:framework-win-MediaFoundation: 216162199b28c13a410421893ffa2e32 -> 
  custom:video-decoder-ogg-theora: a1e56fd34408186e4bbccfd4996cb3dc -> 
  custom:container-muxer-webm: aa71ff27fc2769a1b78a27578f13a17b -> 
  custom:container-demuxer-webm: 4f35f7cbe854078d1ac9338744f61a02 -> 
  custom:container-demuxer-ogg: 62fdf1f143b41e24485cea50d1cbac27 -> 
  custom:video-encoder-webm-vp8: eb34c28f22e8b96e1ab97ce403110664 -> 
  custom:video-codec-MediaFoundation-h265: 746d11721c4dcdbdad8f713fa42b33f4 -> 
  custom:video-decoder-webm-vp8: 9c59270c3fd7afecdb556c50c9e8de78 -> 
  custom:audio-decoder-ogg-vorbis: bf7c407c2cedff20999df2af8eb42d56 -> 
  custom:audio-encoder-webm-vorbis: bf7c407c2cedff20999df2af8eb42d56 -> 
========================================================================
Received Import Request.
  Time since last request: 740.496856 seconds.
  path: Assets/Photon/PhotonUnityNetworking/Demos/Shared Assets/Skin/eurof35.ttf
  artifactKey: Guid(954746d370bc8934299c8c8267543f4f) Importer(815301076,1909f56bfc062723c751e8b465ee728b)
Start importing Assets/Photon/PhotonUnityNetworking/Demos/Shared Assets/Skin/eurof35.ttf using Guid(954746d370bc8934299c8c8267543f4f) Importer(815301076,1909f56bfc062723c751e8b465ee728b)  -> (artifact id: 'ff721e89c61bdf58bcee8cff845c59d5') in 0.080942 seconds 
  Import took 0.084379 seconds .

========================================================================
Received Import Request.
  Time since last request: 0.000480 seconds.
  path: Assets/Photon/PhotonUnityNetworking/Demos/Shared Assets/Skin/Orbitron Black.ttf
  artifactKey: Guid(495c9e2a934bcc640a8d7427b13cb680) Importer(815301076,1909f56bfc062723c751e8b465ee728b)
Start importing Assets/Photon/PhotonUnityNetworking/Demos/Shared Assets/Skin/Orbitron Black.ttf using Guid(495c9e2a934bcc640a8d7427b13cb680) Importer(815301076,1909f56bfc062723c751e8b465ee728b)  -> (artifact id: '837c95b034563388e9ceecc44e5ce340') in 0.014262 seconds 
  Import took 0.017215 seconds .

========================================================================
Received Import Request.
  Time since last request: 0.000321 seconds.
  path: Assets/TextMesh Pro/Fonts/LiberationSans.ttf
  artifactKey: Guid(e3265ab4bf004d28a9537516768c1c75) Importer(815301076,1909f56bfc062723c751e8b465ee728b)
Start importing Assets/TextMesh Pro/Fonts/LiberationSans.ttf using Guid(e3265ab4bf004d28a9537516768c1c75) Importer(815301076,1909f56bfc062723c751e8b465ee728b)  -> (artifact id: 'bdddd331c3f1b7826858a8d92db67e39') in 0.013769 seconds 
  Import took 0.016733 seconds .

========================================================================
Received Import Request.
  Time since last request: 0.000279 seconds.
  path: Assets/Photon/PhotonRealtime/Demos/DemoLoadBalancing/Jura-Medium-LB.ttf
  artifactKey: Guid(4a4df204c321f9c40b0dbfb1baaffb4c) Importer(815301076,1909f56bfc062723c751e8b465ee728b)
Start importing Assets/Photon/PhotonRealtime/Demos/DemoLoadBalancing/Jura-Medium-LB.ttf using Guid(4a4df204c321f9c40b0dbfb1baaffb4c) Importer(815301076,1909f56bfc062723c751e8b465ee728b)  -> (artifact id: 'ec8405162684220a43eed9d3077a5a23') in 0.013002 seconds 
  Import took 0.015260 seconds .

========================================================================
Received Import Request.
  Time since last request: 0.000275 seconds.
  path: Assets/Photon/PhotonUnityNetworking/Demos/Shared Assets/Skin/Jura-Medium.ttf
  artifactKey: Guid(e00995507c2406448b4c8429136104dd) Importer(815301076,1909f56bfc062723c751e8b465ee728b)
Start importing Assets/Photon/PhotonUnityNetworking/Demos/Shared Assets/Skin/Jura-Medium.ttf using Guid(e00995507c2406448b4c8429136104dd) Importer(815301076,1909f56bfc062723c751e8b465ee728b)  -> (artifact id: 'ddc23875910a7cbb486e04aab7751db9') in 0.014927 seconds 
  Import took 0.017555 seconds .

========================================================================
Received Import Request.
  Time since last request: 0.013567 seconds.
  path: Assets/Photon/PhotonRealtime/Demos/DemoLoadBalancing/Jura-Medium-LB.ttf
  artifactKey: Guid(4a4df204c321f9c40b0dbfb1baaffb4c) Importer(815301076,1909f56bfc062723c751e8b465ee728b)
Start importing Assets/Photon/PhotonRealtime/Demos/DemoLoadBalancing/Jura-Medium-LB.ttf using Guid(4a4df204c321f9c40b0dbfb1baaffb4c) Importer(815301076,1909f56bfc062723c751e8b465ee728b)  -> (artifact id: 'ec8405162684220a43eed9d3077a5a23') in 0.012155 seconds 
  Import took 0.015016 seconds .

========================================================================
Received Import Request.
  Time since last request: 2522.171447 seconds.
  path: ProjectSettings/TagManager.asset
  artifactKey: Guid(00000000000000003000000000000000) Importer(815301076,1909f56bfc062723c751e8b465ee728b)
Start importing ProjectSettings/TagManager.asset using Guid(00000000000000003000000000000000) Importer(815301076,1909f56bfc062723c751e8b465ee728b)  -> (artifact id: 'ce6a35c3cddc746e7501c0bd0ed6d4ce') in 0.011212 seconds 
  Import took 0.020057 seconds .

========================================================================
Received Import Request.
  Time since last request: 94.904500 seconds.
  path: Assets/Scripts/AirHockeyScore.cs
  artifactKey: Guid(2b25b732fe5876c4c9c38d5ee67ba816) Importer(815301076,1909f56bfc062723c751e8b465ee728b)
Start importing Assets/Scripts/AirHockeyScore.cs using Guid(2b25b732fe5876c4c9c38d5ee67ba816) Importer(815301076,1909f56bfc062723c751e8b465ee728b)  -> (artifact id: 'd156efa9f9abf1d7596ed376dbb39691') in 0.021237 seconds 
  Import took 0.025411 seconds .

